#
# A fatal error has been detected by the Java Runtime Environment:
#
#  EXCEPTION_ACCESS_VIOLATION (0xc0000005) at pc=0x0000000072288ad5, pid=3076, tid=7036
#
# JRE version: Java(TM) SE Runtime Environment (8.0_73-b02) (build 1.8.0_73-b02)
# Java VM: Java HotSpot(TM) 64-Bit Server VM (25.73-b02 mixed mode windows-amd64 compressed oops)
# Problematic frame:
# V  [jvm.dll+0x128ad5]
#
# Failed to write core dump. Minidumps are not enabled by default on client versions of Windows
#
# If you would like to submit a bug report, please visit:
#   http://bugreport.java.com/bugreport/crash.jsp
#

---------------  T H R E A D  ---------------

Current thread (0x000000001a2c1000):  JavaThread "JDWP Transport Listener: dt_socket" daemon [_thread_in_vm, id=7036, stack(0x000000001a890000,0x000000001a990000)]

siginfo: ExceptionCode=0xc0000005, reading address 0x0000004c04000000

Registers:
RAX=0x000000001a98f201, RBX=0x000000001a2c1000, RCX=0x0000004c04000000, RDX=0x0000000000000000
RSP=0x000000001a98f240, RBP=0x0000004c04000000, RSI=0x000000001a98f358, RDI=0x0000000002fb86a0
R8 =0x000000001a2c1000, R9 =0x0000000000000000, R10=0x0000000000000000, R11=0x0000000000000064
R12=0x0000000000000000, R13=0x000000001a2cc1a8, R14=0x0000000000000000, R15=0x0000000000000000
RIP=0x0000000072288ad5, EFLAGS=0x0000000000010206

Top of Stack: (sp=0x000000001a98f240)
0x000000001a98f240:   000000001a2c1000 000000001a2c1000
0x000000001a98f250:   000000001a98f308 000000007248e34b
0x000000001a98f260:   000000001a2c1000 00000000724aabad
0x000000001a98f270:   000000000000003f 0000000072cd9155
0x000000001a98f280:   000000001a38e718 0000000072ce291e
0x000000001a98f290:   000000001a2c1000 0000000000000000
0x000000001a98f2a0:   0000000000000000 0000000000000000
0x000000001a98f2b0:   0000004c04000000 0000000072ce1a15
0x000000001a98f2c0:   000000001a98f358 000000001a98f330
0x000000001a98f2d0:   0000000000000001 000000001a38e718
0x000000001a98f2e0:   0000004c04000000 0000000072cc53b3
0x000000001a98f2f0:   000000001a98f420 0000000000000001
0x000000001a98f300:   0000000000000001 000000001a38e718
0x000000001a98f310:   000000000000000a 0000000000000000
0x000000001a98f320:   0000000000000000 0000000000000000
0x000000001a98f330:   0000000000000001 0000000072cc5571 

Instructions: (pc=0x0000000072288ad5)
0x0000000072288ab5:   cc cc cc cc cc cc cc cc cc cc cc 48 83 ec 28 48
0x0000000072288ac5:   85 c9 75 07 33 c0 48 83 c4 28 c3 48 89 5c 24 20
0x0000000072288ad5:   48 8b 19 48 85 db 74 20 48 83 fb 37 74 1a 48 8b
0x0000000072288ae5:   13 48 8b cb ff 52 10 84 c0 74 0d 48 8b c3 48 8b 


Register to memory mapping:

RAX=0x000000001a98f201 is pointing into the stack for thread: 0x000000001a2c1000
RBX=0x000000001a2c1000 is a thread
RCX=0x0000004c04000000 is an unknown value
RDX=0x0000000000000000 is an unknown value
RSP=0x000000001a98f240 is pointing into the stack for thread: 0x000000001a2c1000
RBP=0x0000004c04000000 is an unknown value
RSI=0x000000001a98f358 is pointing into the stack for thread: 0x000000001a2c1000
RDI=0x0000000002fb86a0 is an unknown value
R8 =0x000000001a2c1000 is a thread
R9 =0x0000000000000000 is an unknown value
R10=0x0000000000000000 is an unknown value
R11=0x0000000000000064 is an unknown value
R12=0x0000000000000000 is an unknown value
R13=0x000000001a2cc1a8 is an unknown value
R14=0x0000000000000000 is an unknown value
R15=0x0000000000000000 is an unknown value


Stack: [0x000000001a890000,0x000000001a990000],  sp=0x000000001a98f240,  free space=1020k
Native frames: (J=compiled Java code, j=interpreted, Vv=VM code, C=native code)
V  [jvm.dll+0x128ad5]
V  [jvm.dll+0x34abad]
C  [jdwp.dll+0x21a15]
C  [jdwp.dll+0x53b3]
C  [jdwp.dll+0x5571]
C  [jdwp.dll+0xf0a8]
C  [jdwp.dll+0x1f2d5]
C  [jdwp.dll+0x1f4aa]
V  [jvm.dll+0x1bbb58]
V  [jvm.dll+0x243234]
V  [jvm.dll+0x29a10a]
C  [msvcr100.dll+0x21d9f]
C  [msvcr100.dll+0x21e3b]
C  [KERNEL32.DLL+0x18102]
C  [ntdll.dll+0x5c5b4]


---------------  P R O C E S S  ---------------

Java Threads: ( => current thread )
  0x000000001a2ea800 JavaThread "Service Thread" daemon [_thread_blocked, id=1824, stack(0x000000001af90000,0x000000001b090000)]
  0x000000001a2f2800 JavaThread "C1 CompilerThread3" daemon [_thread_blocked, id=1684, stack(0x000000001ae90000,0x000000001af90000)]
  0x000000001a2f2000 JavaThread "C2 CompilerThread2" daemon [_thread_blocked, id=4968, stack(0x000000001ad90000,0x000000001ae90000)]
  0x000000001a2f1000 JavaThread "C2 CompilerThread1" daemon [_thread_blocked, id=3196, stack(0x000000001ac90000,0x000000001ad90000)]
  0x000000001a2ee800 JavaThread "C2 CompilerThread0" daemon [_thread_blocked, id=2848, stack(0x000000001ab90000,0x000000001ac90000)]
  0x000000001a2d1800 JavaThread "JDWP Command Reader" daemon [_thread_in_native, id=8760, stack(0x000000001aa90000,0x000000001ab90000)]
  0x000000001a2ce800 JavaThread "JDWP Event Helper Thread" daemon [_thread_blocked, id=8584, stack(0x000000001a990000,0x000000001aa90000)]
=>0x000000001a2c1000 JavaThread "JDWP Transport Listener: dt_socket" daemon [_thread_in_vm, id=7036, stack(0x000000001a890000,0x000000001a990000)]
  0x000000001a2b8000 JavaThread "Attach Listener" daemon [_thread_blocked, id=2992, stack(0x000000001a790000,0x000000001a890000)]
  0x000000001a2b6800 JavaThread "Signal Dispatcher" daemon [_thread_blocked, id=4508, stack(0x000000001a690000,0x000000001a790000)]
  0x00000000031da800 JavaThread "Finalizer" daemon [_thread_blocked, id=6564, stack(0x000000001a0b0000,0x000000001a1b0000)]
  0x00000000031d3000 JavaThread "Reference Handler" daemon [_thread_blocked, id=7240, stack(0x0000000019fb0000,0x000000001a0b0000)]
  0x0000000002fbe800 JavaThread "main" [_thread_blocked, id=3016, stack(0x0000000002fe0000,0x00000000030e0000)]

Other Threads:
  0x00000000181d9800 VMThread [stack: 0x0000000019eb0000,0x0000000019fb0000] [id=444]
  0x000000001a391000 WatcherThread [stack: 0x000000001b090000,0x000000001b190000] [id=7008]

VM state:not at safepoint (normal execution)

VM Mutex/Monitor currently owned by a thread: None

Heap:
 PSYoungGen      total 38400K, used 3328K [0x00000000d5980000, 0x00000000d8400000, 0x0000000100000000)
  eden space 33280K, 10% used [0x00000000d5980000,0x00000000d5cc0130,0x00000000d7a00000)
  from space 5120K, 0% used [0x00000000d7f00000,0x00000000d7f00000,0x00000000d8400000)
  to   space 5120K, 0% used [0x00000000d7a00000,0x00000000d7a00000,0x00000000d7f00000)
 ParOldGen       total 87552K, used 0K [0x0000000080c00000, 0x0000000086180000, 0x00000000d5980000)
  object space 87552K, 0% used [0x0000000080c00000,0x0000000080c00000,0x0000000086180000)
 Metaspace       used 2836K, capacity 4568K, committed 4864K, reserved 1056768K
  class space    used 306K, capacity 388K, committed 512K, reserved 1048576K

Card table byte_map: [0x00000000125a0000,0x00000000129a0000] byte_map_base: 0x000000001219a000

Marking Bits: (ParMarkBitMap*) 0x0000000072970600
 Begin Bits: [0x0000000013450000, 0x0000000015420000)
 End Bits:   [0x0000000015420000, 0x00000000173f0000)

Polling page: 0x0000000001220000

CodeCache: size=245760Kb used=1137Kb max_used=1149Kb free=244622Kb
 bounds [0x00000000031e0000, 0x0000000003450000, 0x00000000121e0000]
 total_blobs=273 nmethods=47 adapters=147
 compilation: enabled

Compilation events (10 events):
Event: 0.195 Thread 0x000000001a2f2800   43       3       java.lang.StringBuilder::toString (17 bytes)
Event: 0.195 Thread 0x000000001a2f2800 nmethod 43 0x00000000032fa690 code [0x00000000032fa800, 0x00000000032faa08]
Event: 0.197 Thread 0x000000001a2f2800   44       3       java.io.WinNTFileSystem::normalize (143 bytes)
Event: 0.198 Thread 0x000000001a2f2800 nmethod 44 0x00000000032faad0 code [0x00000000032facc0, 0x00000000032fb548]
Event: 0.203 Thread 0x000000001a2f2800   45       3       java.lang.AbstractStringBuilder::expandCapacity (50 bytes)
Event: 0.203 Thread 0x000000001a2f2800 nmethod 45 0x00000000032fb950 code [0x00000000032fbb00, 0x00000000032fc078]
Event: 33.916 Thread 0x000000001a2f2800   46       1       java.util.ArrayList::size (5 bytes)
Event: 33.917 Thread 0x000000001a2f2800 nmethod 46 0x00000000032fc2d0 code [0x00000000032fc420, 0x00000000032fc530]
Event: 5061.143 Thread 0x000000001a2f2000   47       4       java.lang.String::hashCode (55 bytes)
Event: 5061.151 Thread 0x000000001a2f2000 nmethod 47 0x00000000032ff310 code [0x00000000032ff440, 0x00000000032ff5d8]

GC Heap History (0 events):
No events

Deoptimization events (0 events):
No events

Internal exceptions (2 events):
Event: 0.061 Thread 0x0000000002fbe800 Exception <a 'java/lang/NoSuchMethodError': Method sun.misc.Unsafe.defineClass(Ljava/lang/String;[BII)Ljava/lang/Class; name or signature does not match> (0x00000000d598deb0) thrown at [D:\re\puppet\workspace\8-2-build-windows-amd64-cygwin\jdk8u73\6086\hotË¯×òO¯?
Event: 0.061 Thread 0x0000000002fbe800 Exception <a 'java/lang/NoSuchMethodError': Method sun.misc.Unsafe.prefetchRead(Ljava/lang/Object;J)V name or signature does not match> (0x00000000d598e198) thrown at [D:\re\puppet\workspace\8-2-build-windows-amd64-cygwin\jdk8u73\6086\hotspot\src\share\vm\

Events (10 events):
Event: 236.702 Executing VM operation: ChangeBreakpoints
Event: 236.702 Executing VM operation: ChangeBreakpoints done
Event: 236.704 Executing VM operation: RedefineClasses
Event: 236.705 Executing VM operation: RedefineClasses done
Event: 236.785 Executing VM operation: ChangeBreakpoints
Event: 236.785 Executing VM operation: ChangeBreakpoints done
Event: 1644.925 Executing VM operation: ChangeBreakpoints
Event: 1644.925 Executing VM operation: ChangeBreakpoints done
Event: 5061.146 Executing VM operation: RedefineClasses
Event: 5061.149 Executing VM operation: RedefineClasses done


Dynamic libraries:
0x00007ff64bd20000 - 0x00007ff64bd57000 	C:\Program Files\Java\jdk1.8.0_73\bin\java.exe
0x00007ffe15c00000 - 0x00007ffe15dc1000 	C:\WINDOWS\SYSTEM32\ntdll.dll
0x00007ffe155a0000 - 0x00007ffe1564d000 	C:\WINDOWS\system32\KERNEL32.DLL
0x00007ffe12900000 - 0x00007ffe12ae8000 	C:\WINDOWS\system32\KERNELBASE.dll
0x00007ffe152e0000 - 0x00007ffe15387000 	C:\WINDOWS\system32\ADVAPI32.dll
0x00007ffe15b60000 - 0x00007ffe15bfd000 	C:\WINDOWS\system32\msvcrt.dll
0x00007ffe15ab0000 - 0x00007ffe15b0b000 	C:\WINDOWS\system32\sechost.dll
0x00007ffe151c0000 - 0x00007ffe152dc000 	C:\WINDOWS\system32\RPCRT4.dll
0x00007ffe14c10000 - 0x00007ffe14d66000 	C:\WINDOWS\system32\USER32.dll
0x00007ffe15390000 - 0x00007ffe15516000 	C:\WINDOWS\system32\GDI32.dll
0x00007ffe0ca40000 - 0x00007ffe0ccb4000 	C:\WINDOWS\WinSxS\amd64_microsoft.windows.common-controls_6595b64144ccf1df_6.0.10586.0_none_8c15ae12515e1c22\COMCTL32.dll
0x00007ffe15650000 - 0x00007ffe158cd000 	C:\WINDOWS\system32\combase.dll
0x00007ffe12b40000 - 0x00007ffe12baa000 	C:\WINDOWS\system32\bcryptPrimitives.dll
0x00007ffe15b20000 - 0x00007ffe15b5b000 	C:\WINDOWS\system32\IMM32.DLL
0x0000000072df0000 - 0x0000000072ec2000 	C:\Program Files\Java\jdk1.8.0_73\jre\bin\msvcr100.dll
0x0000000072160000 - 0x00000000729f0000 	C:\Program Files\Java\jdk1.8.0_73\jre\bin\server\jvm.dll
0x00007ffe15b10000 - 0x00007ffe15b18000 	C:\WINDOWS\system32\PSAPI.DLL
0x00007ffe0f660000 - 0x00007ffe0f669000 	C:\WINDOWS\SYSTEM32\WSOCK32.dll
0x00007ffe10560000 - 0x00007ffe10583000 	C:\WINDOWS\SYSTEM32\WINMM.dll
0x00007ffe0d7b0000 - 0x00007ffe0d7ba000 	C:\WINDOWS\SYSTEM32\VERSION.dll
0x00007ffe15520000 - 0x00007ffe1558b000 	C:\WINDOWS\system32\WS2_32.dll
0x0000000001630000 - 0x000000000165c000 	C:\WINDOWS\SYSTEM32\WINMMBASE.dll
0x00007ffe12af0000 - 0x00007ffe12b33000 	C:\WINDOWS\system32\cfgmgr32.dll
0x0000000072de0000 - 0x0000000072def000 	C:\Program Files\Java\jdk1.8.0_73\jre\bin\verify.dll
0x0000000072db0000 - 0x0000000072dd9000 	C:\Program Files\Java\jdk1.8.0_73\jre\bin\java.dll
0x0000000072cc0000 - 0x0000000072cf5000 	C:\Program Files\Java\jdk1.8.0_73\jre\bin\jdwp.dll
0x0000000072d60000 - 0x0000000072d68000 	C:\Program Files\Java\jdk1.8.0_73\jre\bin\npt.dll
0x0000000072d90000 - 0x0000000072da6000 	C:\Program Files\Java\jdk1.8.0_73\jre\bin\zip.dll
0x00007ffe133e0000 - 0x00007ffe1493c000 	C:\WINDOWS\system32\SHELL32.dll
0x00007ffe122b0000 - 0x00007ffe128f4000 	C:\WINDOWS\system32\windows.storage.dll
0x00007ffe158d0000 - 0x00007ffe15922000 	C:\WINDOWS\system32\shlwapi.dll
0x00007ffe122a0000 - 0x00007ffe122af000 	C:\WINDOWS\system32\kernel.appcore.dll
0x00007ffe12cc0000 - 0x00007ffe12d75000 	C:\WINDOWS\system32\shcore.dll
0x00007ffe12230000 - 0x00007ffe1227b000 	C:\WINDOWS\system32\powrprof.dll
0x00007ffe12280000 - 0x00007ffe12294000 	C:\WINDOWS\system32\profapi.dll
0x0000000072d50000 - 0x0000000072d59000 	C:\Program Files\Java\jdk1.8.0_73\jre\bin\dt_socket.dll
0x00007ffe11af0000 - 0x00007ffe11b4c000 	C:\WINDOWS\system32\mswsock.dll
0x00007ffe0c6f0000 - 0x00007ffe0c87c000 	C:\WINDOWS\SYSTEM32\dbghelp.dll

VM Arguments:
jvm_args: -agentlib:jdwp=transport=dt_socket,address=127.0.0.1:54706,suspend=y,server=n -Dfile.encoding=UTF-8 
java_command: Main
java_class_path (initial): C:\Program Files\Java\jdk1.8.0_73\jre\lib\charsets.jar;C:\Program Files\Java\jdk1.8.0_73\jre\lib\deploy.jar;C:\Program Files\Java\jdk1.8.0_73\jre\lib\ext\access-bridge-64.jar;C:\Program Files\Java\jdk1.8.0_73\jre\lib\ext\cldrdata.jar;C:\Program Files\Java\jdk1.8.0_73\jre\lib\ext\dnsns.jar;C:\Program Files\Java\jdk1.8.0_73\jre\lib\ext\jaccess.jar;C:\Program Files\Java\jdk1.8.0_73\jre\lib\ext\jfxrt.jar;C:\Program Files\Java\jdk1.8.0_73\jre\lib\ext\localedata.jar;C:\Program Files\Java\jdk1.8.0_73\jre\lib\ext\nashorn.jar;C:\Program Files\Java\jdk1.8.0_73\jre\lib\ext\sunec.jar;C:\Program Files\Java\jdk1.8.0_73\jre\lib\ext\sunjce_provider.jar;C:\Program Files\Java\jdk1.8.0_73\jre\lib\ext\sunmscapi.jar;C:\Program Files\Java\jdk1.8.0_73\jre\lib\ext\sunpkcs11.jar;C:\Program Files\Java\jdk1.8.0_73\jre\lib\ext\zipfs.jar;C:\Program Files\Java\jdk1.8.0_73\jre\lib\javaws.jar;C:\Program Files\Java\jdk1.8.0_73\jre\lib\jce.jar;C:\Program Files\Java\jdk1.8.0_73\jre\lib\jfr.jar;C:\Program Files\Java\jdk1.8.0_73\jre\lib\jfxswt.jar;C:\Program Files\Java\jdk1.8.0_73\jre\lib\jsse.jar;C:\Program Files\Java\jdk1.8.0_73\jre\lib\management-agent.jar;C:\Program Files\Java\jdk1.8.0_73\jre\lib\plugin.jar;C:\Program Files\Java\jdk1.8.0_73\jre\lib\resources.jar;C:\Program Files\Java\jdk1.8.0_73\jre\lib\rt.jar;G:\1.SnD\Studies\CS6670-BIO\Java\HW1\out\production\HW1;G:\1.SnD\Studies\CS6670-BIO\Java\HW1\libs\javatuples-1.2.jar;C:\Program Files (x86)\JetBrains\IntelliJ IDEA Community Edition 15.0.3\lib\idea_rt.jar
Launcher Type: SUN_STANDARD

Environment Variables:
PATH=C:\ProgramData\Oracle\Java\javapath;C:\WINDOWS\system32;C:\WINDOWS;C:\WINDOWS\System32\Wbem;C:\WINDOWS\System32\WindowsPowerShell\v1.0\;C:\Users\Aditya\AppData\Local\GitHub\PortableGit_c7e0cbde92ba565cb218a521411d0e854079a28c\cmd;C:\Program Files (x86)\NVIDIA Corporation\PhysX\Common;C:\Program Files\TortoiseSVN\bin;C:\Program Files\nodejs\;C:\Users\Aditya\Anaconda2;C:\Users\Aditya\Anaconda2\Scripts;C:\Users\Aditya\Anaconda2\Library\bin;C:\Ruby22-x64\bin;C:\Users\Aditya\AppData\Roaming\npm
USERNAME=Aditya
OS=Windows_NT
PROCESSOR_IDENTIFIER=Intel64 Family 6 Model 58 Stepping 9, GenuineIntel



---------------  S Y S T E M  ---------------

OS: Windows 10.0 , 64 bit Build 10586 (10.0.10586.0)

CPU:total 8 (4 cores per cpu, 2 threads per core) family 6 model 58 stepping 9, cmov, cx8, fxsr, mmx, sse, sse2, sse3, ssse3, sse4.1, sse4.2, popcnt, avx, aes, clmul, erms, ht, tsc, tscinvbit, tscinv

Memory: 4k page, physical 8337772k(3599924k free), swap 9648492k(2237856k free)

vm_info: Java HotSpot(TM) 64-Bit Server VM (25.73-b02) for windows-amd64 JRE (1.8.0_73-b02), built on Jan 29 2016 17:38:49 by "java_re" with MS VC++ 10.0 (VS2010)

time: Sun Jul 03 18:11:04 2016
elapsed time: 5061 seconds (0d 1h 24m 21s)

